This is pdfTeX, Version 3.1415926-1.40.11 (TeX Live 2010) (format=pdflatex 2011.9.20)  18 AUG 2016 16:51
entering extended mode
 restricted \write18 enabled.
 %&-line parsing enabled.
**Bachelorarbeit.tex
(./Bachelorarbeit.tex
LaTeX2e <2009/09/24>
Babel <v3.8l> and hyphenation patterns for english, dumylang, nohyphenation, ge
rman-x-2009-06-19, ngerman-x-2009-06-19, ancientgreek, ibycus, arabic, armenian
, basque, bulgarian, catalan, pinyin, coptic, croatian, czech, danish, dutch, u
kenglish, usenglishmax, esperanto, estonian, farsi, finnish, french, galician, 
german, ngerman, swissgerman, monogreek, greek, hungarian, icelandic, assamese,
 bengali, gujarati, hindi, kannada, malayalam, marathi, oriya, panjabi, tamil, 
telugu, indonesian, interlingua, irish, italian, kurmanji, lao, latin, latvian,
 lithuanian, mongolian, mongolianlmc, bokmal, nynorsk, polish, portuguese, roma
nian, russian, sanskrit, serbian, slovak, slovenian, spanish, swedish, turkish,
 turkmen, ukrainian, uppersorbian, welsh, loaded.
(/usr/share/texmf/tex/latex/koma-script/scrartcl.cls
Document Class: scrartcl 2010/06/17 v3.06 KOMA-Script document class (article)
(/usr/share/texmf/tex/latex/koma-script/scrkbase.sty
Package: scrkbase 2010/06/17 v3.06 KOMA-Script package (KOMA-Script-dependent b
asics and keyval usage)

(/usr/share/texmf/tex/latex/koma-script/scrbase.sty
Package: scrbase 2010/06/17 v3.06 KOMA-Script package (KOMA-Script-independent 
basics and keyval usage)

(/usr/share/texmf/tex/latex/graphics/keyval.sty
Package: keyval 1999/03/16 v1.13 key=value parser (DPC)
\KV@toks@=\toks14
)
(/usr/share/texmf/tex/latex/koma-script/scrlfile.sty
Package: scrlfile 2009/03/25 v3.03 KOMA-Script package (loading files)

Package scrlfile, 2009/03/25 v3.03 KOMA-Script package (loading files)
                  Copyright (C) Markus Kohm

))) (/usr/share/texmf/tex/latex/koma-script/tocbasic.sty
Package: tocbasic 2010/06/09 v3.06 KOMA-Script package (handling toc-files)
)
Package tocbasic Info: omitting babel extension for `toc'
(tocbasic)             because of feature `nobabel' available
(tocbasic)             for `toc' on input line 115.
Package tocbasic Info: omitting babel extension for `lof'
(tocbasic)             because of feature `nobabel' available
(tocbasic)             for `lof' on input line 116.
Package tocbasic Info: omitting babel extension for `lot'
(tocbasic)             because of feature `nobabel' available
(tocbasic)             for `lot' on input line 117.
Package scrartcl Info: You've used obsolete option `12pt'.
(scrartcl)             \KOMAExecuteOptions{fontsize=12pt} will be
(scrartcl)             used instead.
(scrartcl)             You may simply replace `12pt'
(scrartcl)             by `fontsize=12pt'.
Class scrartcl Info: File `scrsize12pt.clo' used to setup font sizes on input l
ine 1209.

(/usr/share/texmf/tex/latex/koma-script/scrsize12pt.clo
File: scrsize12pt.clo 2010/06/17 v3.06 KOMA-Script font size class option (12pt
)
)
(/usr/share/texmf/tex/latex/koma-script/typearea.sty
Package: typearea 2010/06/17 v3.06 KOMA-Script package (type area)

Package typearea, 2010/06/17 v3.06 KOMA-Script package (type area)
                  Copyright (C) Frank Neukam, 1992-1994
                  Copyright (C) Markus Kohm, 1994-

\ta@bcor=\skip41
\ta@div=\count79
Package typearea Info: You've used standard option `a4paper'.
(typearea)             This is correct!
(typearea)             Internally I'm using `paper=a4'.
(typearea)             If you'd like to set the option with \KOMAoptions,
(typearea)             you'd have to use `paper=a4' there
(typearea)             instead of `a4paper', too.
\ta@hblk=\skip42
\ta@vblk=\skip43
\ta@temp=\skip44
Package typearea Info: These are the values describing the layout:
(typearea)             DIV  = 12
(typearea)             BCOR = 0.0pt
(typearea)             \paperwidth      = 597.50793pt
(typearea)              \textwidth      = 448.13095pt
(typearea)              DIV departure   = -6%
(typearea)              \evensidemargin = 2.4185pt
(typearea)              \oddsidemargin  = 2.4185pt
(typearea)             \paperheight     = 845.04694pt
(typearea)              \textheight     = 635.5pt
(typearea)              \topmargin      = -41.72441pt
(typearea)              \headheight     = 18.125pt
(typearea)              \headsep        = 21.75pt
(typearea)              \topskip        = 12.0pt
(typearea)              \footskip       = 50.75pt
(typearea)              \baselineskip   = 14.5pt
(typearea)              on input line 1133.
)
\c@part=\count80
\c@section=\count81
\c@subsection=\count82
\c@subsubsection=\count83
\c@paragraph=\count84
\c@subparagraph=\count85
\abovecaptionskip=\skip45
\belowcaptionskip=\skip46
\c@pti@nb@sid@b@x=\box26
\c@figure=\count86
\c@table=\count87
\bibindent=\dimen102
) (/usr/share/texmf/tex/latex/base/inputenc.sty
Package: inputenc 2008/03/30 v1.1d Input encoding file
\inpenc@prehook=\toks15
\inpenc@posthook=\toks16

(/usr/share/texmf/tex/latex/base/utf8.def
File: utf8.def 2008/04/05 v1.1m UTF-8 support for inputenc
Now handling font encoding OML ...
... no UTF-8 mapping file for font encoding OML
Now handling font encoding T1 ...
... processing UTF-8 mapping file for font encoding T1

(/usr/share/texmf/tex/latex/base/t1enc.dfu
File: t1enc.dfu 2008/04/05 v1.1m UTF-8 support for inputenc
   defining Unicode char U+00A1 (decimal 161)
   defining Unicode char U+00A3 (decimal 163)
   defining Unicode char U+00AB (decimal 171)
   defining Unicode char U+00BB (decimal 187)
   defining Unicode char U+00BF (decimal 191)
   defining Unicode char U+00C0 (decimal 192)
   defining Unicode char U+00C1 (decimal 193)
   defining Unicode char U+00C2 (decimal 194)
   defining Unicode char U+00C3 (decimal 195)
   defining Unicode char U+00C4 (decimal 196)
   defining Unicode char U+00C5 (decimal 197)
   defining Unicode char U+00C6 (decimal 198)
   defining Unicode char U+00C7 (decimal 199)
   defining Unicode char U+00C8 (decimal 200)
   defining Unicode char U+00C9 (decimal 201)
   defining Unicode char U+00CA (decimal 202)
   defining Unicode char U+00CB (decimal 203)
   defining Unicode char U+00CC (decimal 204)
   defining Unicode char U+00CD (decimal 205)
   defining Unicode char U+00CE (decimal 206)
   defining Unicode char U+00CF (decimal 207)
   defining Unicode char U+00D0 (decimal 208)
   defining Unicode char U+00D1 (decimal 209)
   defining Unicode char U+00D2 (decimal 210)
   defining Unicode char U+00D3 (decimal 211)
   defining Unicode char U+00D4 (decimal 212)
   defining Unicode char U+00D5 (decimal 213)
   defining Unicode char U+00D6 (decimal 214)
   defining Unicode char U+00D8 (decimal 216)
   defining Unicode char U+00D9 (decimal 217)
   defining Unicode char U+00DA (decimal 218)
   defining Unicode char U+00DB (decimal 219)
   defining Unicode char U+00DC (decimal 220)
   defining Unicode char U+00DD (decimal 221)
   defining Unicode char U+00DE (decimal 222)
   defining Unicode char U+00DF (decimal 223)
   defining Unicode char U+00E0 (decimal 224)
   defining Unicode char U+00E1 (decimal 225)
   defining Unicode char U+00E2 (decimal 226)
   defining Unicode char U+00E3 (decimal 227)
   defining Unicode char U+00E4 (decimal 228)
   defining Unicode char U+00E5 (decimal 229)
   defining Unicode char U+00E6 (decimal 230)
   defining Unicode char U+00E7 (decimal 231)
   defining Unicode char U+00E8 (decimal 232)
   defining Unicode char U+00E9 (decimal 233)
   defining Unicode char U+00EA (decimal 234)
   defining Unicode char U+00EB (decimal 235)
   defining Unicode char U+00EC (decimal 236)
   defining Unicode char U+00ED (decimal 237)
   defining Unicode char U+00EE (decimal 238)
   defining Unicode char U+00EF (decimal 239)
   defining Unicode char U+00F0 (decimal 240)
   defining Unicode char U+00F1 (decimal 241)
   defining Unicode char U+00F2 (decimal 242)
   defining Unicode char U+00F3 (decimal 243)
   defining Unicode char U+00F4 (decimal 244)
   defining Unicode char U+00F5 (decimal 245)
   defining Unicode char U+00F6 (decimal 246)
   defining Unicode char U+00F8 (decimal 248)
   defining Unicode char U+00F9 (decimal 249)
   defining Unicode char U+00FA (decimal 250)
   defining Unicode char U+00FB (decimal 251)
   defining Unicode char U+00FC (decimal 252)
   defining Unicode char U+00FD (decimal 253)
   defining Unicode char U+00FE (decimal 254)
   defining Unicode char U+00FF (decimal 255)
   defining Unicode char U+0102 (decimal 258)
   defining Unicode char U+0103 (decimal 259)
   defining Unicode char U+0104 (decimal 260)
   defining Unicode char U+0105 (decimal 261)
   defining Unicode char U+0106 (decimal 262)
   defining Unicode char U+0107 (decimal 263)
   defining Unicode char U+010C (decimal 268)
   defining Unicode char U+010D (decimal 269)
   defining Unicode char U+010E (decimal 270)
   defining Unicode char U+010F (decimal 271)
   defining Unicode char U+0110 (decimal 272)
   defining Unicode char U+0111 (decimal 273)
   defining Unicode char U+0118 (decimal 280)
   defining Unicode char U+0119 (decimal 281)
   defining Unicode char U+011A (decimal 282)
   defining Unicode char U+011B (decimal 283)
   defining Unicode char U+011E (decimal 286)
   defining Unicode char U+011F (decimal 287)
   defining Unicode char U+0130 (decimal 304)
   defining Unicode char U+0131 (decimal 305)
   defining Unicode char U+0132 (decimal 306)
   defining Unicode char U+0133 (decimal 307)
   defining Unicode char U+0139 (decimal 313)
   defining Unicode char U+013A (decimal 314)
   defining Unicode char U+013D (decimal 317)
   defining Unicode char U+013E (decimal 318)
   defining Unicode char U+0141 (decimal 321)
   defining Unicode char U+0142 (decimal 322)
   defining Unicode char U+0143 (decimal 323)
   defining Unicode char U+0144 (decimal 324)
   defining Unicode char U+0147 (decimal 327)
   defining Unicode char U+0148 (decimal 328)
   defining Unicode char U+014A (decimal 330)
   defining Unicode char U+014B (decimal 331)
   defining Unicode char U+0150 (decimal 336)
   defining Unicode char U+0151 (decimal 337)
   defining Unicode char U+0152 (decimal 338)
   defining Unicode char U+0153 (decimal 339)
   defining Unicode char U+0154 (decimal 340)
   defining Unicode char U+0155 (decimal 341)
   defining Unicode char U+0158 (decimal 344)
   defining Unicode char U+0159 (decimal 345)
   defining Unicode char U+015A (decimal 346)
   defining Unicode char U+015B (decimal 347)
   defining Unicode char U+015E (decimal 350)
   defining Unicode char U+015F (decimal 351)
   defining Unicode char U+0160 (decimal 352)
   defining Unicode char U+0161 (decimal 353)
   defining Unicode char U+0162 (decimal 354)
   defining Unicode char U+0163 (decimal 355)
   defining Unicode char U+0164 (decimal 356)
   defining Unicode char U+0165 (decimal 357)
   defining Unicode char U+016E (decimal 366)
   defining Unicode char U+016F (decimal 367)
   defining Unicode char U+0170 (decimal 368)
   defining Unicode char U+0171 (decimal 369)
   defining Unicode char U+0178 (decimal 376)
   defining Unicode char U+0179 (decimal 377)
   defining Unicode char U+017A (decimal 378)
   defining Unicode char U+017B (decimal 379)
   defining Unicode char U+017C (decimal 380)
   defining Unicode char U+017D (decimal 381)
   defining Unicode char U+017E (decimal 382)
   defining Unicode char U+200C (decimal 8204)
   defining Unicode char U+2013 (decimal 8211)
   defining Unicode char U+2014 (decimal 8212)
   defining Unicode char U+2018 (decimal 8216)
   defining Unicode char U+2019 (decimal 8217)
   defining Unicode char U+201A (decimal 8218)
   defining Unicode char U+201C (decimal 8220)
   defining Unicode char U+201D (decimal 8221)
   defining Unicode char U+201E (decimal 8222)
   defining Unicode char U+2030 (decimal 8240)
   defining Unicode char U+2031 (decimal 8241)
   defining Unicode char U+2039 (decimal 8249)
   defining Unicode char U+203A (decimal 8250)
   defining Unicode char U+2423 (decimal 9251)
)
Now handling font encoding OT1 ...
... processing UTF-8 mapping file for font encoding OT1

(/usr/share/texmf/tex/latex/base/ot1enc.dfu
File: ot1enc.dfu 2008/04/05 v1.1m UTF-8 support for inputenc
   defining Unicode char U+00A1 (decimal 161)
   defining Unicode char U+00A3 (decimal 163)
   defining Unicode char U+00B8 (decimal 184)
   defining Unicode char U+00BF (decimal 191)
   defining Unicode char U+00C5 (decimal 197)
   defining Unicode char U+00C6 (decimal 198)
   defining Unicode char U+00D8 (decimal 216)
   defining Unicode char U+00DF (decimal 223)
   defining Unicode char U+00E6 (decimal 230)
   defining Unicode char U+00EC (decimal 236)
   defining Unicode char U+00ED (decimal 237)
   defining Unicode char U+00EE (decimal 238)
   defining Unicode char U+00EF (decimal 239)
   defining Unicode char U+00F8 (decimal 248)
   defining Unicode char U+0131 (decimal 305)
   defining Unicode char U+0141 (decimal 321)
   defining Unicode char U+0142 (decimal 322)
   defining Unicode char U+0152 (decimal 338)
   defining Unicode char U+0153 (decimal 339)
   defining Unicode char U+2013 (decimal 8211)
   defining Unicode char U+2014 (decimal 8212)
   defining Unicode char U+2018 (decimal 8216)
   defining Unicode char U+2019 (decimal 8217)
   defining Unicode char U+201C (decimal 8220)
   defining Unicode char U+201D (decimal 8221)
)
Now handling font encoding OMS ...
... processing UTF-8 mapping file for font encoding OMS

(/usr/share/texmf/tex/latex/base/omsenc.dfu
File: omsenc.dfu 2008/04/05 v1.1m UTF-8 support for inputenc
   defining Unicode char U+00A7 (decimal 167)
   defining Unicode char U+00B6 (decimal 182)
   defining Unicode char U+00B7 (decimal 183)
   defining Unicode char U+2020 (decimal 8224)
   defining Unicode char U+2021 (decimal 8225)
   defining Unicode char U+2022 (decimal 8226)
)
Now handling font encoding OMX ...
... no UTF-8 mapping file for font encoding OMX
Now handling font encoding U ...
... no UTF-8 mapping file for font encoding U
   defining Unicode char U+00A9 (decimal 169)
   defining Unicode char U+00AA (decimal 170)
   defining Unicode char U+00AE (decimal 174)
   defining Unicode char U+00BA (decimal 186)
   defining Unicode char U+02C6 (decimal 710)
   defining Unicode char U+02DC (decimal 732)
   defining Unicode char U+200C (decimal 8204)
   defining Unicode char U+2026 (decimal 8230)
   defining Unicode char U+2122 (decimal 8482)
   defining Unicode char U+2423 (decimal 9251)
))
(/usr/share/texmf/tex/latex/base/fontenc.sty
Package: fontenc 2005/09/27 v1.99g Standard LaTeX package

(/usr/share/texmf/tex/latex/base/t1enc.def
File: t1enc.def 2005/09/27 v1.99g Standard LaTeX file
LaTeX Font Info:    Redeclaring font encoding T1 on input line 43.
))
(/usr/share/texmf/tex/generic/babel/babel.sty
Package: babel 2008/07/06 v3.8l The Babel package

(/usr/share/texmf/tex/generic/babel/ngermanb.ldf
Language: ngermanb 2008/07/06 v2.6n new German support from the babel system

(/usr/share/texmf/tex/generic/babel/babel.def
File: babel.def 2008/07/06 v3.8l Babel common definitions
\babel@savecnt=\count88
\U@D=\dimen103
)
\l@naustrian = a dialect from \language\l@ngerman 
Package babel Info: Making " an active character on input line 92.
))
(/usr/share/texmf/tex/latex/amsmath/amsmath.sty
Package: amsmath 2000/07/18 v2.13 AMS math features
\@mathmargin=\skip47

For additional information on amsmath, use the `?' option.
(/usr/share/texmf/tex/latex/amsmath/amstext.sty
Package: amstext 2000/06/29 v2.01

(/usr/share/texmf/tex/latex/amsmath/amsgen.sty
File: amsgen.sty 1999/11/30 v2.0
\@emptytoks=\toks17
\ex@=\dimen104
))
(/usr/share/texmf/tex/latex/amsmath/amsbsy.sty
Package: amsbsy 1999/11/29 v1.2d
\pmbraise@=\dimen105
)
(/usr/share/texmf/tex/latex/amsmath/amsopn.sty
Package: amsopn 1999/12/14 v2.01 operator names
)
\inf@bad=\count89
LaTeX Info: Redefining \frac on input line 211.
\uproot@=\count90
\leftroot@=\count91
LaTeX Info: Redefining \overline on input line 307.
\classnum@=\count92
\DOTSCASE@=\count93
LaTeX Info: Redefining \ldots on input line 379.
LaTeX Info: Redefining \dots on input line 382.
LaTeX Info: Redefining \cdots on input line 467.
\Mathstrutbox@=\box27
\strutbox@=\box28
\big@size=\dimen106
LaTeX Font Info:    Redeclaring font encoding OML on input line 567.
LaTeX Font Info:    Redeclaring font encoding OMS on input line 568.
\macc@depth=\count94
\c@MaxMatrixCols=\count95
\dotsspace@=\muskip10
\c@parentequation=\count96
\dspbrk@lvl=\count97
\tag@help=\toks18
\row@=\count98
\column@=\count99
\maxfields@=\count100
\andhelp@=\toks19
\eqnshift@=\dimen107
\alignsep@=\dimen108
\tagshift@=\dimen109
\tagwidth@=\dimen110
\totwidth@=\dimen111
\lineht@=\dimen112
\@envbody=\toks20
\multlinegap=\skip48
\multlinetaggap=\skip49
\mathdisplay@stack=\toks21
LaTeX Info: Redefining \[ on input line 2666.
LaTeX Info: Redefining \] on input line 2667.
)
(/usr/share/texmf/tex/latex/amsfonts/amsfonts.sty
Package: amsfonts 2009/06/22 v3.00 Basic AMSFonts support
\symAMSa=\mathgroup4
\symAMSb=\mathgroup5
LaTeX Font Info:    Overwriting math alphabet `\mathfrak' in version `bold'
(Font)                  U/euf/m/n --> U/euf/b/n on input line 96.
)
(/usr/share/texmf/tex/latex/amsfonts/amssymb.sty
Package: amssymb 2009/06/22 v3.00
)
(/usr/share/texmf/tex/latex/psnfss/pifont.sty
Package: pifont 2005/04/12 PSNFSS-v9.2a Pi font support (SPQR) 
LaTeX Font Info:    Try loading font information for U+pzd on input line 63.

(/usr/share/texmf/tex/latex/psnfss/upzd.fd
File: upzd.fd 2001/06/04 font definitions for U/pzd.
)
LaTeX Font Info:    Try loading font information for U+psy on input line 64.

(/usr/share/texmf/tex/latex/psnfss/upsy.fd
File: upsy.fd 2001/06/04 font definitions for U/psy.
))
(/usr/share/texmf/tex/latex/geometry/geometry.sty
Package: geometry 2010/07/13 v5.5 Page Geometry

(/usr/share/texmf/tex/generic/oberdiek/ifpdf.sty
Package: ifpdf 2010/01/28 v2.1 Provides the ifpdf switch (HO)
Package ifpdf Info: pdfTeX in pdf mode detected.
)
(/usr/share/texmf/tex/generic/oberdiek/ifvtex.sty
Package: ifvtex 2010/03/01 v1.5 Switches for detecting VTeX and its modes (HO)
Package ifvtex Info: VTeX not detected.
)
\Gm@cnth=\count101
\Gm@cntv=\count102
\c@Gm@tempcnt=\count103
\Gm@bindingoffset=\dimen113
\Gm@wd@mp=\dimen114
\Gm@odd@mp=\dimen115
\Gm@even@mp=\dimen116
\Gm@layoutwidth=\dimen117
\Gm@layoutheight=\dimen118
\Gm@layouthoffset=\dimen119
\Gm@layoutvoffset=\dimen120
\Gm@dimlist=\toks22
)
(/usr/share/texmf/tex/latex/setspace/setspace.sty
Package: setspace 2000/12/01 6.7 Contributed and Supported LaTeX2e package

Package: `setspace' 6.7 <2000/12/01>
) (/usr/share/texmf/tex/latex/graphics/graphicx.sty
Package: graphicx 1999/02/16 v1.0f Enhanced LaTeX Graphics (DPC,SPQR)

(/usr/share/texmf/tex/latex/graphics/graphics.sty
Package: graphics 2009/02/05 v1.0o Standard LaTeX Graphics (DPC,SPQR)

(/usr/share/texmf/tex/latex/graphics/trig.sty
Package: trig 1999/03/16 v1.09 sin cos tan (DPC)
)
(/usr/share/texmf/tex/latex/latexconfig/graphics.cfg
File: graphics.cfg 2010/04/23 v1.9 graphics configuration of TeX Live
)
Package graphics Info: Driver file: pdftex.def on input line 91.

(/usr/share/texmf/tex/latex/pdftex-def/pdftex.def
File: pdftex.def 2010/02/14 v0.04n Graphics/color for pdfTeX
\Gread@gobject=\count104
))
\Gin@req@height=\dimen121
\Gin@req@width=\dimen122
)
(/usr/share/texmf/tex/latex/xcolor/xcolor.sty
Package: xcolor 2007/01/21 v2.11 LaTeX color extensions (UK)

(/usr/share/texmf/tex/latex/latexconfig/color.cfg
File: color.cfg 2007/01/18 v1.5 color configuration of teTeX/TeXLive
)
Package xcolor Info: Driver file: pdftex.def on input line 225.
Package xcolor Info: Model `cmy' substituted by `cmy0' on input line 1337.
Package xcolor Info: Model `hsb' substituted by `rgb' on input line 1341.
Package xcolor Info: Model `RGB' extended on input line 1353.
Package xcolor Info: Model `HTML' substituted by `rgb' on input line 1355.
Package xcolor Info: Model `Hsb' substituted by `hsb' on input line 1356.
Package xcolor Info: Model `tHsb' substituted by `hsb' on input line 1357.
Package xcolor Info: Model `HSB' substituted by `hsb' on input line 1358.
Package xcolor Info: Model `Gray' substituted by `gray' on input line 1359.
Package xcolor Info: Model `wave' substituted by `hsb' on input line 1360.
)
(/usr/share/texmf/tex/latex/oberdiek/transparent.sty
Package: transparent 2007/01/08 v1.0 Using a pdfTeX's color stack for transpare
ncy (HO)

(/usr/share/texmf/tex/latex/oberdiek/auxhook.sty
Package: auxhook 2009/12/14 v1.2 Hooks for auxiliary files (HO)
))
(/usr/share/texmf/tex/latex/pgf/basiclayer/pgf.sty
(/usr/share/texmf/tex/latex/pgf/utilities/pgfrcs.sty
(/usr/share/texmf/tex/generic/pgf/utilities/pgfutil-common.tex
\pgfutil@everybye=\toks23
)
(/usr/share/texmf/tex/generic/pgf/utilities/pgfutil-latex.def)
(/usr/share/texmf/tex/generic/pgf/utilities/pgfrcs.code.tex
Package: pgfrcs 2008/02/20 v2.00 (rcs-revision 1.21)
))
Package: pgf 2008/01/15 v2.00 (rcs-revision 1.12)

(/usr/share/texmf/tex/latex/pgf/basiclayer/pgfcore.sty
(/usr/share/texmf/tex/latex/pgf/systemlayer/pgfsys.sty
(/usr/share/texmf/tex/generic/pgf/systemlayer/pgfsys.code.tex
Package: pgfsys 2008/02/07 v2.00 (rcs-revision 1.31)

(/usr/share/texmf/tex/generic/pgf/utilities/pgfkeys.code.tex
\pgfkeys@pathtoks=\toks24
\pgfkeys@temptoks=\toks25
)
\pgf@x=\dimen123
\pgf@y=\dimen124
\pgf@xa=\dimen125
\pgf@ya=\dimen126
\pgf@xb=\dimen127
\pgf@yb=\dimen128
\pgf@xc=\dimen129
\pgf@yc=\dimen130
\c@pgf@counta=\count105
\c@pgf@countb=\count106
\c@pgf@countc=\count107
\c@pgf@countd=\count108

(/usr/share/texmf/tex/generic/pgf/systemlayer/pgf.cfg
File: pgf.cfg 2008/01/13  (rcs-revision 1.6)
)
Package pgfsys Info: Driver file for pgf: pgfsys-pdftex.def on input line 885.

(/usr/share/texmf/tex/generic/pgf/systemlayer/pgfsys-pdftex.def
File: pgfsys-pdftex.def 2007/12/20  (rcs-revision 1.20)

(/usr/share/texmf/tex/generic/pgf/systemlayer/pgfsys-common-pdf.def
File: pgfsys-common-pdf.def 2007/12/17  (rcs-revision 1.8)
)))
(/usr/share/texmf/tex/generic/pgf/systemlayer/pgfsyssoftpath.code.tex
File: pgfsyssoftpath.code.tex 2008/01/23  (rcs-revision 1.6)
\pgfsyssoftpath@smallbuffer@items=\count109
\pgfsyssoftpath@bigbuffer@items=\count110
)
(/usr/share/texmf/tex/generic/pgf/systemlayer/pgfsysprotocol.code.tex
File: pgfsysprotocol.code.tex 2006/10/16  (rcs-revision 1.4)
))
(/usr/share/texmf/tex/generic/pgf/basiclayer/pgfcore.code.tex
Package: pgfcore 2008/01/15 v2.00 (rcs-revision 1.6)

(/usr/share/texmf/tex/generic/pgf/math/pgfmath.code.tex
(/usr/share/texmf/tex/generic/pgf/math/pgfmathcalc.code.tex
(/usr/share/texmf/tex/generic/pgf/math/pgfmathutil.code.tex
\pgfmath@box=\box29
)
(/usr/share/texmf/tex/generic/pgf/math/pgfmathparser.code.tex
\pgfmath@stack=\toks26
\c@pgfmath@parsecounta=\count111
\c@pgfmath@parsecountb=\count112
\c@pgfmath@parsecountc=\count113
\pgfmath@parsex=\dimen131
)
(/usr/share/texmf/tex/generic/pgf/math/pgfmathoperations.code.tex
(/usr/share/texmf/tex/generic/pgf/math/pgfmathtrig.code.tex)
(/usr/share/texmf/tex/generic/pgf/math/pgfmathrnd.code.tex))
(/usr/share/texmf/tex/generic/pgf/math/pgfmathbase.code.tex)))
(/usr/share/texmf/tex/generic/pgf/basiclayer/pgfcorepoints.code.tex
File: pgfcorepoints.code.tex 2008/02/03  (rcs-revision 1.13)
\pgf@picminx=\dimen132
\pgf@picmaxx=\dimen133
\pgf@picminy=\dimen134
\pgf@picmaxy=\dimen135
\pgf@pathminx=\dimen136
\pgf@pathmaxx=\dimen137
\pgf@pathminy=\dimen138
\pgf@pathmaxy=\dimen139
\pgf@xx=\dimen140
\pgf@xy=\dimen141
\pgf@yx=\dimen142
\pgf@yy=\dimen143
\pgf@zx=\dimen144
\pgf@zy=\dimen145
)
(/usr/share/texmf/tex/generic/pgf/basiclayer/pgfcorepathconstruct.code.tex
File: pgfcorepathconstruct.code.tex 2008/02/13  (rcs-revision 1.14)
\pgf@path@lastx=\dimen146
\pgf@path@lasty=\dimen147
)
(/usr/share/texmf/tex/generic/pgf/basiclayer/pgfcorepathusage.code.tex
File: pgfcorepathusage.code.tex 2008/01/23  (rcs-revision 1.11)
\pgf@shorten@end@additional=\dimen148
\pgf@shorten@start@additional=\dimen149
)
(/usr/share/texmf/tex/generic/pgf/basiclayer/pgfcorescopes.code.tex
File: pgfcorescopes.code.tex 2008/01/15  (rcs-revision 1.26)
\pgfpic=\box30
\pgf@hbox=\box31
\pgf@layerbox@main=\box32
\pgf@picture@serial@count=\count114
)
(/usr/share/texmf/tex/generic/pgf/basiclayer/pgfcoregraphicstate.code.tex
File: pgfcoregraphicstate.code.tex 2007/12/12  (rcs-revision 1.8)
\pgflinewidth=\dimen150
)
(/usr/share/texmf/tex/generic/pgf/basiclayer/pgfcoretransformations.code.tex
File: pgfcoretransformations.code.tex 2008/02/04  (rcs-revision 1.10)
\pgf@pt@x=\dimen151
\pgf@pt@y=\dimen152
\pgf@pt@temp=\dimen153
)
(/usr/share/texmf/tex/generic/pgf/basiclayer/pgfcorequick.code.tex
File: pgfcorequick.code.tex 2006/10/11  (rcs-revision 1.2)
)
(/usr/share/texmf/tex/generic/pgf/basiclayer/pgfcoreobjects.code.tex
File: pgfcoreobjects.code.tex 2006/10/11  (rcs-revision 1.2)
)
(/usr/share/texmf/tex/generic/pgf/basiclayer/pgfcorepathprocessing.code.tex
File: pgfcorepathprocessing.code.tex 2008/01/23  (rcs-revision 1.7)
)
(/usr/share/texmf/tex/generic/pgf/basiclayer/pgfcorearrows.code.tex
File: pgfcorearrows.code.tex 2007/06/07  (rcs-revision 1.8)
)
(/usr/share/texmf/tex/generic/pgf/basiclayer/pgfcoreshade.code.tex
File: pgfcoreshade.code.tex 2007/12/10  (rcs-revision 1.9)
\pgf@max=\dimen154
\pgf@sys@shading@range@num=\count115
)
(/usr/share/texmf/tex/generic/pgf/basiclayer/pgfcoreimage.code.tex
File: pgfcoreimage.code.tex 2008/01/15  (rcs-revision 1.1)
\pgfexternal@startupbox=\box33
)
(/usr/share/texmf/tex/generic/pgf/basiclayer/pgfcorelayers.code.tex
File: pgfcorelayers.code.tex 2008/01/15  (rcs-revision 1.1)
)
(/usr/share/texmf/tex/generic/pgf/basiclayer/pgfcoretransparency.code.tex
File: pgfcoretransparency.code.tex 2008/01/17  (rcs-revision 1.2)
)
(/usr/share/texmf/tex/generic/pgf/basiclayer/pgfcorepatterns.code.tex
File: pgfcorepatterns.code.tex 2008/01/15  (rcs-revision 1.1)
)))
(/usr/share/texmf/tex/generic/pgf/modules/pgfmoduleshapes.code.tex
File: pgfmoduleshapes.code.tex 2008/02/13  (rcs-revision 1.4)
\pgfnodeparttextbox=\box34
\toks@savedmacro=\toks27
)
(/usr/share/texmf/tex/generic/pgf/modules/pgfmoduleplot.code.tex
File: pgfmoduleplot.code.tex 2008/01/15  (rcs-revision 1.1)
\pgf@plotwrite=\write3
)
(/usr/share/texmf/tex/latex/pgf/compatibility/pgfcomp-version-0-65.sty
Package: pgfcomp-version-0-65 2007/07/03 v2.00 (rcs-revision 1.7)
\pgf@nodesepstart=\dimen155
\pgf@nodesepend=\dimen156
)
(/usr/share/texmf/tex/latex/pgf/compatibility/pgfcomp-version-1-18.sty
Package: pgfcomp-version-1-18 2007/07/23 v2.00 (rcs-revision 1.1)
))
(/usr/share/texmf/tex/latex/pgfplots/pgfplots.sty
(/usr/share/texmf/tex/generic/pgfplots/pgfplots.revision.tex)
Package: pgfplots 2010/07/14 Version 1.4 (git show version_1.4-1-g38878fa )

(/usr/share/texmf/tex/latex/pgf/frontendlayer/tikz.sty
(/usr/share/texmf/tex/latex/pgf/utilities/pgffor.sty
(/usr/share/texmf/tex/generic/pgf/utilities/pgffor.code.tex
Package: pgffor 2007/11/07 v2.00 (rcs-revision 1.8)
\pgffor@iter=\dimen157
\pgffor@skip=\dimen158
))
(/usr/share/texmf/tex/generic/pgf/frontendlayer/tikz/tikz.code.tex
Package: tikz 2008/02/13 v2.00 (rcs-revision 1.27)

(/usr/share/texmf/tex/generic/pgf/libraries/pgflibraryplothandlers.code.tex
File: pgflibraryplothandlers.code.tex 2007/03/09 v2.00 (rcs-revision 1.9)
\pgf@plot@mark@count=\count116
\pgfplotmarksize=\dimen159
)
\tikz@lastx=\dimen160
\tikz@lasty=\dimen161
\tikz@lastxsaved=\dimen162
\tikz@lastysaved=\dimen163
\tikzleveldistance=\dimen164
\tikzsiblingdistance=\dimen165
\tikz@figbox=\box35
\tikz@tempbox=\box36
\tikztreelevel=\count117
\tikznumberofchildren=\count118
\tikznumberofcurrentchild=\count119
\tikz@fig@count=\count120

(/usr/share/texmf/tex/generic/pgf/modules/pgfmodulematrix.code.tex
File: pgfmodulematrix.code.tex 2008/01/15  (rcs-revision 1.1)
\pgfmatrixcurrentrow=\count121
\pgfmatrixcurrentcolumn=\count122
\pgf@matrix@numberofcolumns=\count123
)
\tikz@expandcount=\count124

(/usr/share/texmf/tex/generic/pgf/frontendlayer/tikz/libraries/tikzlibrarytopat
hs.code.tex
File: tikzlibrarytopaths.code.tex 2008/01/09 v2.00 (rcs-revision 1.1)
))) (/usr/share/texmf/tex/generic/pgfplots/pgfplots.code.tex
(/usr/share/texmf/tex/generic/pgfplots/pgfplotscore.code.tex
\t@pgfplots@toka=\toks28
\t@pgfplots@tokb=\toks29
\t@pgfplots@tokc=\toks30
\pgfplots@tmpa=\dimen166
\c@pgfplots@coordindex=\count125
\c@pgfplots@scanlineindex=\count126
\r@pgfplots@reada=\read1
)
(/usr/share/texmf/tex/generic/pgfplots/libs/pgfplotslibrary.code.tex)
(/usr/share/texmf/tex/generic/pgfplots/oldpgfcompatib/pgfplotsoldpgfsupp_loader
.code.tex
Package pgfplots: loading complementary code for your PGF version...

(/usr/share/texmf/tex/generic/pgfplots/oldpgfcompatib/pgfplotsoldpgfsupp_misc.c
ode.tex
\w@pgf@writea=\write4
\r@pgf@reada=\read2
)
(/usr/share/texmf/tex/generic/pgfplots/oldpgfcompatib/pgfplotsoldpgfsupp_pgfkey
s.code.tex
\pgfkeys@pathtoks=\toks31
\pgfkeys@temptoks=\toks32

(/usr/share/texmf/tex/generic/pgfplots/oldpgfcompatib/pgfplotsoldpgfsupp_pgfkey
sfiltered.code.tex
\pgfkeys@tmptoks=\toks33
))
(/usr/share/texmf/tex/generic/pgfplots/oldpgfcompatib/pgfplotsoldpgfsupp_pgfmat
hfloat.code.tex
\c@pgfmathroundto@lastzeros=\count127
)
(/usr/share/texmf/tex/generic/pgfplots/oldpgfcompatib/pgfplotsoldpgfsupp_pgflib
raryplothandlers.code.tex
File: pgflibraryplothandlers.code.tex 2010/05/31 v2.00 (rcs-revision 1.15)
\pgf@plot@mark@count=\count128
\pgfplotmarksize=\dimen167
)
(/usr/share/texmf/tex/generic/pgfplots/oldpgfcompatib/pgfplotsoldpgfsupp_pgflib
raryfpu.code.tex))
(/usr/share/texmf/tex/generic/pgfplots/util/pgfplotsutil.code.tex
(/usr/share/texmf/tex/generic/pgfplots/liststructure/pgfplotsliststructure.code
.tex)
(/usr/share/texmf/tex/generic/pgfplots/liststructure/pgfplotsliststructureext.c
ode.tex)
(/usr/share/texmf/tex/generic/pgfplots/liststructure/pgfplotsarray.code.tex
\c@pgfplotsarray@tmp=\count129
)
(/usr/share/texmf/tex/generic/pgfplots/numtable/pgfplotstableshared.code.tex
\c@pgfplotstable@counta=\count130
\t@pgfplotstable@a=\toks34
\pgfplotstable@outfile=\write5
)
(/usr/share/texmf/tex/generic/pgfplots/liststructure/pgfplotsdeque.code.tex)
(/usr/share/texmf/tex/generic/pgfplots/util/pgfplotsbinary.code.tex)
(/usr/share/texmf/tex/generic/pgfplots/libs/pgflibrarypgfplots.surfshading.code
.tex
(/usr/share/texmf/tex/generic/pgfplots/sys/pgflibrarypgfplots.surfshading.pgfsy
s-pdftex.def)))
(/usr/share/texmf/tex/generic/pgfplots/util/pgfplotscolormap.code.tex)
(/usr/share/texmf/tex/generic/pgfplots/pgfplotsstackedplots.code.tex)
(/usr/share/texmf/tex/generic/pgfplots/pgfplotscoordprocessing.code.tex)
(/usr/share/texmf/tex/generic/pgfplots/pgfplotsticks.code.tex)
(/usr/share/texmf/tex/generic/pgf/frontendlayer/tikz/libraries/tikzlibrarydecor
ations.code.tex
(/usr/share/texmf/tex/generic/pgf/modules/pgfmoduledecorations.code.tex
\pgfdecoratedcompleteddistance=\dimen168
\pgfdecoratedremainingdistance=\dimen169
\pgfdecoratedinputsegmentcompleteddistance=\dimen170
\pgfdecoratedinputsegmentremainingdistance=\dimen171
\pgf@decorate@distancetomove=\dimen172
\pgf@decorate@repeatstate=\count131
\pgfdecorationsegmentamplitude=\dimen173
\pgfdecorationsegmentlength=\dimen174
))
(/usr/share/texmf/tex/generic/pgf/frontendlayer/tikz/libraries/tikzlibrarydecor
ations.pathmorphing.code.tex
(/usr/share/texmf/tex/generic/pgf/libraries/pgflibrarydecorations.pathmorphing.
code.tex))
(/usr/share/texmf/tex/generic/pgf/frontendlayer/tikz/libraries/tikzlibrarydecor
ations.pathreplacing.code.tex
(/usr/share/texmf/tex/generic/pgf/libraries/pgflibrarydecorations.pathreplacing
.code.tex))
\pgfplots@numplots=\count132
\pgfplots@xmin@reg=\dimen175
\pgfplots@xmax@reg=\dimen176
\pgfplots@ymin@reg=\dimen177
\pgfplots@ymax@reg=\dimen178
\pgfplots@zmin@reg=\dimen179
\pgfplots@zmax@reg=\dimen180
)
(/usr/share/texmf/tex/generic/pgf/frontendlayer/tikz/libraries/tikzlibraryplotm
arks.code.tex
File: tikzlibraryplotmarks.code.tex 2008/01/09 v2.00 (rcs-revision 1.1)

(/usr/share/texmf/tex/generic/pgf/libraries/pgflibraryplotmarks.code.tex
File: pgflibraryplotmarks.code.tex 2007/03/09 v2.00 (rcs-revision 1.5)
)))
(/usr/share/texmf/tex/latex/oberdiek/epstopdf.sty
Package: epstopdf 2010/02/09 v2.5 Conversion with epstopdf on the fly (HO)

(/usr/share/texmf/tex/latex/oberdiek/epstopdf-base.sty
Package: epstopdf-base 2010/02/09 v2.5 Base part for package epstopdf

(/usr/share/texmf/tex/generic/oberdiek/infwarerr.sty
Package: infwarerr 2010/04/08 v1.3 Providing info/warning/message (HO)
)
(/usr/share/texmf/tex/latex/oberdiek/grfext.sty
Package: grfext 2007/09/30 v1.0 Managing graphics extensions (HO)
)
(/usr/share/texmf/tex/latex/oberdiek/kvoptions.sty
Package: kvoptions 2010/02/22 v3.7 Keyval support for LaTeX options (HO)

(/usr/share/texmf/tex/generic/oberdiek/kvsetkeys.sty
Package: kvsetkeys 2010/03/01 v1.9 Key value parser (HO)

(/usr/share/texmf/tex/generic/oberdiek/etexcmds.sty
Package: etexcmds 2010/01/28 v1.3 Prefix for e-TeX command names (HO)
Package etexcmds Info: Could not find \expanded.
(etexcmds)             That can mean that you are not using pdfTeX 1.50 or
(etexcmds)             that some package has redefined \expanded.
(etexcmds)             In the latter case, load this package earlier.
)))
(/usr/share/texmf/tex/generic/oberdiek/pdftexcmds.sty
Package: pdftexcmds 2010/04/01 v0.9 Utility functions of pdfTeX for LuaTeX (HO)


(/usr/share/texmf/tex/generic/oberdiek/ifluatex.sty
Package: ifluatex 2010/03/01 v1.3 Provides the ifluatex switch (HO)
Package ifluatex Info: LuaTeX not detected.
)
(/usr/share/texmf/tex/generic/oberdiek/ltxcmds.sty
Package: ltxcmds 2010/04/26 v1.7 LaTeX kernel commands for general use (HO)
)
Package pdftexcmds Info: LuaTeX not detected.
Package pdftexcmds Info: \pdf@primitive is available.
Package pdftexcmds Info: \pdf@ifprimitive is available.
)
Package grfext Info: Graphics extension search list:
(grfext)             [.png,.pdf,.jpg,.mps,.jpeg,.jbig2,.jb2,.PNG,.PDF,.JPG,.JPE
G,.JBIG2,.JB2,.eps]
(grfext)             \AppendGraphicsExtensions on input line 436.

(/usr/share/texmf/tex/latex/latexconfig/epstopdf-sys.cfg
File: epstopdf-sys.cfg 2010/07/13 v1.3 Configuration of (r)epstopdf for TeX Liv
e
)))
(/usr/share/texmf/tex/latex/caption/caption.sty
Package: caption 2010/01/09 v3.1m Customizing captions (AR)

(/usr/share/texmf/tex/latex/caption/caption3.sty
Package: caption3 2010/01/14 v3.1m caption3 kernel (AR)
\captionmargin=\dimen181
\captionmargin@=\dimen182
\captionwidth=\dimen183
\caption@indent=\dimen184
\caption@parindent=\dimen185
\caption@hangindent=\dimen186
)
Package caption Info: KOMA-Script document class.
\c@ContinuedFloat=\count133
)
(/usr/share/texmf/tex/latex/caption/subcaption.sty
Package: subcaption 2008/08/31 v1.0b Adding subcaptions (AR)
\c@subfigure=\count134
\c@subtable=\count135
)
(/usr/share/texmf/tex/latex/koma-script/tocstyle.sty
Package: tocstyle 2009/11/09 v0.2d-alpha LaTeX2e KOMA-Script package (versatile
 toc styles)


Package tocstyle Warning: THIS IS AN ALPHA VERSION!
(tocstyle)                USAGE OF THIS VERSION IS ON YOUR OWN RISK!
(tocstyle)                EVERYTHING MAY HAPPEN!
(tocstyle)                EVERYTHING MAY CHANGE IN FUTURE!
(tocstyle)                THERE IS NO SUPPORT, IF YOU USE THIS PACKAGE!
(tocstyle)                Maybe it would be better, not to load this package.

\tocstyle@indentstyle=\count136
Package tocstyle Info: no tocstyle.cfg found on input line 837.
)
exclude: 
(/usr/share/texmf/tex/latex/url/url.sty
\Urlmuskip=\muskip11
Package: url 2006/04/12  ver 3.3  Verb mode for urls, etc.
)
(/usr/share/texmf/tex/latex/hyperref/hyperref.sty
Package: hyperref 2010/06/18 v6.81g Hypertext links for LaTeX

(/usr/share/texmf/tex/generic/oberdiek/pdfescape.sty
Package: pdfescape 2010/03/01 v1.9 Provides hex, PDF name and string conversion
s (HO)
)
(/usr/share/texmf/tex/generic/ifxetex/ifxetex.sty
Package: ifxetex 2009/01/23 v0.5 Provides ifxetex conditional
)
(/usr/share/texmf/tex/latex/oberdiek/hycolor.sty
Package: hycolor 2009/12/12 v1.6 Color options of hyperref/bookmark (HO)

(/usr/share/texmf/tex/latex/oberdiek/xcolor-patch.sty
Package: xcolor-patch 2009/12/12 xcolor patch
))
(/usr/share/texmf/tex/latex/oberdiek/letltxmacro.sty
Package: letltxmacro 2008/06/24 v1.3 Let assignment for LaTeX macros (HO)
)
\@linkdim=\dimen187
\Hy@linkcounter=\count137
\Hy@pagecounter=\count138

(/usr/share/texmf/tex/latex/hyperref/pd1enc.def
File: pd1enc.def 2010/06/18 v6.81g Hyperref: PDFDocEncoding definition (HO)
Now handling font encoding PD1 ...
... no UTF-8 mapping file for font encoding PD1
)
(/usr/share/texmf/tex/generic/oberdiek/intcalc.sty
Package: intcalc 2007/09/27 v1.1 Expandable integer calculations (HO)
)
(/usr/share/texmf/tex/latex/latexconfig/hyperref.cfg
File: hyperref.cfg 2002/06/06 v1.2 hyperref configuration of TeXLive
)
Package hyperref Info: Hyper figures OFF on input line 3658.
Package hyperref Info: Link nesting OFF on input line 3663.
Package hyperref Info: Hyper index ON on input line 3666.
Package hyperref Info: Plain pages OFF on input line 3673.
Package hyperref Info: Backreferencing OFF on input line 3678.

Implicit mode ON; LaTeX internals redefined
Package hyperref Info: Bookmarks ON on input line 3874.
LaTeX Info: Redefining \url on input line 4159.
(/usr/share/texmf/tex/generic/oberdiek/bitset.sty
Package: bitset 2007/09/28 v1.0 Data type bit set (HO)

(/usr/share/texmf/tex/generic/oberdiek/bigintcalc.sty
Package: bigintcalc 2007/11/11 v1.1 Expandable big integer calculations (HO)
))
\Fld@menulength=\count139
\Field@Width=\dimen188
\Fld@charsize=\dimen189
\Field@toks=\toks35
Package hyperref Info: Hyper figures OFF on input line 5137.
Package hyperref Info: Link nesting OFF on input line 5142.
Package hyperref Info: Hyper index ON on input line 5145.
Package hyperref Info: backreferencing OFF on input line 5152.
Package hyperref Info: Link coloring OFF on input line 5157.
Package hyperref Info: Link coloring with OCG OFF on input line 5162.
Package hyperref Info: PDF/A mode OFF on input line 5167.
LaTeX Info: Redefining \ref on input line 5207.
LaTeX Info: Redefining \pageref on input line 5211.

(/usr/share/texmf/tex/generic/oberdiek/atbegshi.sty
Package: atbegshi 2010/03/25 v1.12 At begin shipout hook (HO)
)
\Hy@abspage=\count140
\c@Item=\count141
\c@Hfootnote=\count142
)
* hyperref using default driver hpdftex *
(/usr/share/texmf/tex/latex/hyperref/hpdftex.def
File: hpdftex.def 2010/06/18 v6.81g Hyperref driver for pdfTeX

(/usr/share/texmf/tex/latex/oberdiek/atveryend.sty
Package: atveryend 2010/03/24 v1.5 Hooks at very end of document (HO)
Package atveryend Info: \enddocument detected (standard).
)
\Fld@listcount=\count143
\c@bookmark@seq@number=\count144

(/usr/share/texmf/tex/latex/oberdiek/rerunfilecheck.sty
Package: rerunfilecheck 2010/03/16 v1.6 Rerun checks for auxiliary files (HO)

(/usr/share/texmf/tex/generic/oberdiek/uniquecounter.sty
Package: uniquecounter 2009/12/18 v1.1 Provides unlimited unique counter (HO)
)
Package uniquecounter Info: New unique counter `rerunfilecheck' on input line 2
71.
)
\Hy@SectionHShift=\skip50
)
(/usr/share/texmf/tex/latex/koma-script/scrpage2.sty
Package: scrpage2 2010/04/22 v2.5 LaTeX2e KOMA-Script package
LaTeX Info: Redefining \pagemark on input line 176.
)
(/usr/share/texmf/tex/latex/tools/xspace.sty
Package: xspace 2006/05/08 v1.12 Space after command names (DPC,MH)
)
(/usr/share/texmf/tex/latex/colortbl/colortbl.sty
Package: colortbl 2001/02/13 v0.1j Color table columns (DPC)

(/usr/share/texmf/tex/latex/tools/array.sty
Package: array 2008/09/09 v2.4c Tabular extension package (FMi)
\col@sep=\dimen190
\extrarowheight=\dimen191
\NC@list=\toks36
\extratabsurround=\skip51
\backup@length=\skip52
)
\everycr=\toks37
\minrowclearance=\skip53
)
(/usr/share/texmf/tex/latex/booktabs/booktabs.sty
Package: booktabs 2005/04/14 v1.61803 publication quality tables
\heavyrulewidth=\dimen192
\lightrulewidth=\dimen193
\cmidrulewidth=\dimen194
\belowrulesep=\dimen195
\belowbottomsep=\dimen196
\aboverulesep=\dimen197
\abovetopsep=\dimen198
\cmidrulesep=\dimen199
\cmidrulekern=\dimen200
\defaultaddspace=\dimen201
\@cmidla=\count145
\@cmidlb=\count146
\@aboverulesep=\dimen202
\@belowrulesep=\dimen203
\@thisruleclass=\count147
\@lastruleclass=\count148
\@thisrulewidth=\dimen204
)
(/usr/share/texmf/tex/latex/tools/tabularx.sty
Package: tabularx 1999/01/07 v2.07 `tabularx' package (DPC)
\TX@col@width=\dimen205
\TX@old@table=\dimen206
\TX@old@col=\dimen207
\TX@target=\dimen208
\TX@delta=\dimen209
\TX@cols=\count149
\TX@ftn=\toks38
)
(/usr/share/texmf/tex/latex/cmbright/cmbright.sty
Package: cmbright 2002/05/25 v7.1 (WaS)
LaTeX Font Info:    Redeclaring symbol font `operators' on input line 30.
LaTeX Font Info:    Overwriting symbol font `operators' in version `normal'
(Font)                  OT1/cmr/m/n --> OT1/cmbr/m/n on input line 30.
LaTeX Font Info:    Overwriting symbol font `operators' in version `bold'
(Font)                  OT1/cmr/bx/n --> OT1/cmbr/m/n on input line 30.
LaTeX Font Info:    Redeclaring symbol font `letters' on input line 31.
LaTeX Font Info:    Overwriting symbol font `letters' in version `normal'
(Font)                  OML/cmm/m/it --> OML/cmbrm/m/it on input line 31.
LaTeX Font Info:    Overwriting symbol font `letters' in version `bold'
(Font)                  OML/cmm/b/it --> OML/cmbrm/m/it on input line 31.
LaTeX Font Info:    Redeclaring symbol font `symbols' on input line 32.
LaTeX Font Info:    Overwriting symbol font `symbols' in version `normal'
(Font)                  OMS/cmsy/m/n --> OMS/cmbrs/m/n on input line 32.
LaTeX Font Info:    Overwriting symbol font `symbols' in version `bold'
(Font)                  OMS/cmsy/b/n --> OMS/cmbrs/m/n on input line 32.
LaTeX Font Info:    Redeclaring math alphabet \mathit on input line 33.
LaTeX Font Info:    Overwriting math alphabet `\mathit' in version `normal'
(Font)                  OT1/cmr/m/it --> OT1/cmbr/m/sl on input line 33.
LaTeX Font Info:    Overwriting math alphabet `\mathit' in version `bold'
(Font)                  OT1/cmr/bx/it --> OT1/cmbr/m/sl on input line 33.
LaTeX Font Info:    Redeclaring math alphabet \mathbf on input line 34.
LaTeX Font Info:    Overwriting math alphabet `\mathbf' in version `normal'
(Font)                  OT1/cmr/bx/n --> OT1/cmbr/bx/n on input line 34.
LaTeX Font Info:    Overwriting math alphabet `\mathbf' in version `bold'
(Font)                  OT1/cmr/bx/n --> OT1/cmbr/bx/n on input line 34.
LaTeX Font Info:    Redeclaring math alphabet \mathtt on input line 35.
LaTeX Font Info:    Overwriting math alphabet `\mathtt' in version `normal'
(Font)                  OT1/cmtt/m/n --> OT1/cmtl/m/n on input line 35.
LaTeX Font Info:    Overwriting math alphabet `\mathtt' in version `bold'
(Font)                  OT1/cmtt/m/n --> OT1/cmtl/m/n on input line 35.
LaTeX Font Info:    Redeclaring math symbol \alpha on input line 37.
LaTeX Font Info:    Redeclaring math symbol \beta on input line 38.
LaTeX Font Info:    Redeclaring math symbol \gamma on input line 39.
LaTeX Font Info:    Redeclaring math symbol \delta on input line 40.
LaTeX Font Info:    Redeclaring math symbol \epsilon on input line 41.
LaTeX Font Info:    Redeclaring math symbol \zeta on input line 42.
LaTeX Font Info:    Redeclaring math symbol \Gamma on input line 43.
LaTeX Font Info:    Redeclaring math symbol \eta on input line 44.
LaTeX Font Info:    Redeclaring math symbol \theta on input line 45.
LaTeX Font Info:    Redeclaring math symbol \iota on input line 46.
LaTeX Font Info:    Redeclaring math symbol \kappa on input line 47.
LaTeX Font Info:    Redeclaring math symbol \lambda on input line 48.
LaTeX Font Info:    Redeclaring math symbol \mu on input line 49.
LaTeX Font Info:    Redeclaring math symbol \nu on input line 50.
LaTeX Font Info:    Redeclaring math symbol \xi on input line 51.
LaTeX Font Info:    Redeclaring math symbol \pi on input line 52.
LaTeX Font Info:    Redeclaring math symbol \rho on input line 53.
LaTeX Font Info:    Redeclaring math symbol \sigma on input line 54.
LaTeX Font Info:    Redeclaring math symbol \tau on input line 55.
LaTeX Font Info:    Redeclaring math symbol \upsilon on input line 56.
LaTeX Font Info:    Redeclaring math symbol \phi on input line 57.
LaTeX Font Info:    Redeclaring math symbol \chi on input line 58.
LaTeX Font Info:    Redeclaring math symbol \psi on input line 59.
LaTeX Font Info:    Redeclaring math symbol \omega on input line 60.
LaTeX Font Info:    Redeclaring math symbol \varepsilon on input line 61.
LaTeX Font Info:    Redeclaring math symbol \vartheta on input line 62.
LaTeX Font Info:    Redeclaring math symbol \varpi on input line 63.
LaTeX Font Info:    Redeclaring math symbol \varrho on input line 64.
LaTeX Font Info:    Redeclaring math symbol \varsigma on input line 65.
LaTeX Font Info:    Redeclaring math symbol \varphi on input line 66.
LaTeX Font Info:    Try loading font information for T1+cmbr on input line 131.


(/usr/share/texmf/tex/latex/cmbright/t1cmbr.fd
File: t1cmbr.fd 1999/05/12 v7.3 (WaS)
)) (./Bachelorarbeit.aux)
\openout1 = `Bachelorarbeit.aux'.

LaTeX Font Info:    Checking defaults for OML/cmm/m/it on input line 112.
LaTeX Font Info:    ... okay on input line 112.
LaTeX Font Info:    Checking defaults for T1/cmr/m/n on input line 112.
LaTeX Font Info:    ... okay on input line 112.
LaTeX Font Info:    Checking defaults for OT1/cmr/m/n on input line 112.
LaTeX Font Info:    ... okay on input line 112.
LaTeX Font Info:    Checking defaults for OMS/cmsy/m/n on input line 112.
LaTeX Font Info:    ... okay on input line 112.
LaTeX Font Info:    Checking defaults for OMX/cmex/m/n on input line 112.
LaTeX Font Info:    ... okay on input line 112.
LaTeX Font Info:    Checking defaults for U/cmr/m/n on input line 112.
LaTeX Font Info:    ... okay on input line 112.
LaTeX Font Info:    Checking defaults for PD1/pdf/m/n on input line 112.
LaTeX Font Info:    ... okay on input line 112.

*geometry* driver: auto-detecting
*geometry* detected driver: pdftex
*geometry* verbose mode - [ preamble ] result:
* driver: pdftex
* paper: a4paper
* layout: <same size as paper>
* layoutoffset:(h,v)=(0.0pt,0.0pt)
* modes: 
* h-part:(L,W,R)=(85.35826pt, 441.01773pt, 71.13188pt)
* v-part:(T,H,B)=(71.13188pt, 702.78308pt, 71.13188pt)
* \paperwidth=597.50787pt
* \paperheight=845.04684pt
* \textwidth=441.01773pt
* \textheight=702.78308pt
* \oddsidemargin=13.08827pt
* \evensidemargin=13.08827pt
* \topmargin=-72.26997pt
* \headheight=56.9055pt
* \headsep=14.22636pt
* \topskip=12.0pt
* \footskip=28.45274pt
* \marginparwidth=49.79233pt
* \marginparsep=12.8401pt
* \columnsep=10.0pt
* \skip\footins=10.8pt plus 4.0pt minus 2.0pt
* \hoffset=0.0pt
* \voffset=0.0pt
* \mag=1000
* \@twocolumnfalse
* \@twosidefalse
* \@mparswitchfalse
* \@reversemarginfalse
* (1in=72.27pt=25.4mm, 1cm=28.453pt)

(/usr/share/texmf/tex/context/base/supp-pdf.mkii
[Loading MPS to PDF converter (version 2006.09.02).]
\scratchcounter=\count150
\scratchdimen=\dimen210
\scratchbox=\box37
\nofMPsegments=\count151
\nofMParguments=\count152
\everyMPshowfont=\toks39
\MPscratchCnt=\count153
\MPscratchDim=\dimen211
\MPnumerator=\count154
\everyMPtoPDFconversion=\toks40
)
Package caption Info: Begin \AtBeginDocument code.
Package caption Info: hyperref package is loaded.
Package caption Info: End \AtBeginDocument code.
Package tocstyle Info: prepare \l@part for redefinition on input line 112.
Package tocstyle Info: prepare \l@chapter for redefinition on input line 112.
Package tocstyle Info: prepare \l@section for redefinition on input line 112.
LaTeX Font Info:    Try loading font information for T1+pfr on input line 112.
 (/home/schu_pp/texmf/tex/latex/frutiger/t1pfr.fd
File: T1pfr.fd 2008/12/09 v7.1.0 DLR LaTeX frutiger fonts
)
LaTeX Font Info:    Font shape `T1/pfr/bx/n' in size <12> not available
(Font)              Font shape `T1/pfr/b/n' tried instead on input line 112.
Package tocstyle Info: prepare \l@subsection for redefinition on input line 112
.
LaTeX Font Info:    Try loading font information for OT1+cmbr on input line 112
.

(/usr/share/texmf/tex/latex/cmbright/ot1cmbr.fd
File: ot1cmbr.fd 1999/05/12 v7.3 (WaS)
)
LaTeX Font Info:    Try loading font information for OML+cmbrm on input line 11
2.

(/usr/share/texmf/tex/latex/cmbright/omlcmbrm.fd
File: omlcmbrm.fd 1999/05/12 v7.3 (WaS)
)
LaTeX Font Info:    Try loading font information for OMS+cmbrs on input line 11
2.

(/usr/share/texmf/tex/latex/cmbright/omscmbrs.fd
File: omscmbrs.fd 1999/05/12 v7.3 (WaS)
)
LaTeX Font Info:    Try loading font information for U+msa on input line 112.

(/usr/share/texmf/tex/latex/amsfonts/umsa.fd
File: umsa.fd 2009/06/22 v3.00 AMS symbols A
)
LaTeX Font Info:    Try loading font information for U+msb on input line 112.

(/usr/share/texmf/tex/latex/amsfonts/umsb.fd
File: umsb.fd 2009/06/22 v3.00 AMS symbols B
)
Package tocstyle Info: prepare \l@subsubsection for redefinition on input line 
112.
Package tocstyle Info: prepare \l@table for redefinition on input line 112.
Package tocstyle Info: prepare \l@figure for redefinition on input line 112.
\AtBeginShipoutBox=\box38
Package hyperref Info: Link coloring OFF on input line 112.

(/usr/share/texmf/tex/latex/hyperref/nameref.sty
Package: nameref 2010/04/30 v2.40 Cross-referencing by name of section

(/usr/share/texmf/tex/latex/oberdiek/refcount.sty
Package: refcount 2008/08/11 v3.1 Data extraction from references (HO)
)
(/usr/share/texmf/tex/generic/oberdiek/gettitlestring.sty
Package: gettitlestring 2009/12/18 v1.3 Cleanup title references (HO)
)
\c@section@level=\count155
)
LaTeX Info: Redefining \ref on input line 112.
LaTeX Info: Redefining \pageref on input line 112.
LaTeX Info: Redefining \nameref on input line 112.

(./Bachelorarbeit.out) (./Bachelorarbeit.out)
\@outlinefile=\write6
\openout6 = `Bachelorarbeit.out'.

 [1

{/var/lib/texmf/fonts/map/pdftex/updmap/pdftex.map}]
LaTeX Font Info:    Font shape `T1/pfr/bx/n' in size <17.28> not available
(Font)              Font shape `T1/pfr/b/n' tried instead on input line 118.
 (./Bachelorarbeit.toc
number indent by \l@... (toc, 1):  0.0pt
text indent by \l@... (toc, 1):  18.89983pt
number indent by parent (toc, 1):  0.0pt
text indent calculated (toc, 1): 12.67192pt
number indent calculated (toc, 1): 0.0pt
number indent by \l@... (toc, 1):  0.0pt
text indent by \l@... (toc, 1):  18.89983pt
number indent by parent (toc, 1):  0.0pt
text indent calculated (toc, 1): 12.67192pt
number indent calculated (toc, 1): 0.0pt
number indent by \l@... (toc, 1):  0.0pt
text indent by \l@... (toc, 1):  18.89983pt
number indent by parent (toc, 1):  0.0pt
text indent calculated (toc, 1): 12.67192pt
number indent calculated (toc, 1): 0.0pt
number indent by \l@... (toc, 1):  0.0pt
text indent by \l@... (toc, 1):  18.89983pt
number indent by parent (toc, 1):  0.0pt
text indent calculated (toc, 1): 12.67192pt
number indent calculated (toc, 1): 0.0pt
number indent by \l@... (toc, 2):  18.89983pt
text indent by \l@... (toc, 2):  28.97977pt
number indent by parent (toc, 2):  12.67192pt
text indent calculated (toc, 2): 22.67972pt
number indent calculated (toc, 2): 12.67192pt
number indent by \l@... (toc, 3):  47.8796pt
text indent by \l@... (toc, 3):  40.31958pt
number indent by parent (toc, 3):  35.35164pt
text indent calculated (toc, 3): 32.68752pt
number indent calculated (toc, 3): 35.35164pt
number indent by \l@... (toc, 3):  47.8796pt
text indent by \l@... (toc, 3):  40.31958pt
number indent by parent (toc, 3):  35.35164pt
text indent calculated (toc, 3): 32.68752pt
number indent calculated (toc, 3): 35.35164pt
number indent by \l@... (toc, 3):  47.8796pt
text indent by \l@... (toc, 3):  40.31958pt
number indent by parent (toc, 3):  35.35164pt
text indent calculated (toc, 3): 32.68752pt
number indent calculated (toc, 3): 35.35164pt
number indent by \l@... (toc, 2):  18.89983pt
text indent by \l@... (toc, 2):  28.97977pt
number indent by parent (toc, 2):  12.67192pt
text indent calculated (toc, 2): 22.67972pt
number indent calculated (toc, 2): 12.67192pt
number indent by \l@... (toc, 1):  0.0pt
text indent by \l@... (toc, 1):  18.89983pt
number indent by parent (toc, 1):  0.0pt
text indent calculated (toc, 1): 12.67192pt
number indent calculated (toc, 1): 0.0pt
number indent by \l@... (toc, 2):  18.89983pt
text indent by \l@... (toc, 2):  28.97977pt
number indent by parent (toc, 2):  12.67192pt
text indent calculated (toc, 2): 22.67972pt
number indent calculated (toc, 2): 12.67192pt
number indent by \l@... (toc, 3):  47.8796pt
text indent by \l@... (toc, 3):  40.31958pt
number indent by parent (toc, 3):  35.35164pt
text indent calculated (toc, 3): 32.68752pt
number indent calculated (toc, 3): 35.35164pt
number indent by \l@... (toc, 3):  47.8796pt
text indent by \l@... (toc, 3):  40.31958pt
number indent by parent (toc, 3):  35.35164pt
text indent calculated (toc, 3): 32.68752pt
number indent calculated (toc, 3): 35.35164pt
number indent by \l@... (toc, 2):  18.89983pt
text indent by \l@... (toc, 2):  28.97977pt
number indent by parent (toc, 2):  12.67192pt
text indent calculated (toc, 2): 22.67972pt
number indent calculated (toc, 2): 12.67192pt
number indent by \l@... (toc, 3):  47.8796pt
text indent by \l@... (toc, 3):  40.31958pt
number indent by parent (toc, 3):  35.35164pt
text indent calculated (toc, 3): 32.68752pt
number indent calculated (toc, 3): 35.35164pt
number indent by \l@... (toc, 3):  47.8796pt
text indent by \l@... (toc, 3):  40.31958pt
number indent by parent (toc, 3):  35.35164pt
text indent calculated (toc, 3): 32.68752pt
number indent calculated (toc, 3): 35.35164pt
number indent by \l@... (toc, 2):  18.89983pt
text indent by \l@... (toc, 2):  28.97977pt
number indent by parent (toc, 2):  12.67192pt
text indent calculated (toc, 2): 22.67972pt
number indent calculated (toc, 2): 12.67192pt
number indent by \l@... (toc, 2):  18.89983pt
text indent by \l@... (toc, 2):  28.97977pt
number indent by parent (toc, 2):  12.67192pt
text indent calculated (toc, 2): 22.67972pt
number indent calculated (toc, 2): 12.67192pt
number indent by \l@... (toc, 2):  18.89983pt
text indent by \l@... (toc, 2):  28.97977pt
number indent by parent (toc, 2):  12.67192pt
text indent calculated (toc, 2): 22.67972pt
number indent calculated (toc, 2): 12.67192pt
number indent by \l@... (toc, 3):  47.8796pt
text indent by \l@... (toc, 3):  40.31958pt
number indent by parent (toc, 3):  35.35164pt
text indent calculated (toc, 3): 32.68752pt
number indent calculated (toc, 3): 35.35164pt
number indent by \l@... (toc, 3):  47.8796pt
text indent by \l@... (toc, 3):  40.31958pt
number indent by parent (toc, 3):  35.35164pt
text indent calculated (toc, 3): 32.68752pt
number indent calculated (toc, 3): 35.35164pt
number indent by \l@... (toc, 1):  0.0pt
text indent by \l@... (toc, 1):  18.89983pt
number indent by parent (toc, 1):  0.0pt
text indent calculated (toc, 1): 12.67192pt
number indent calculated (toc, 1): 0.0pt
number indent by \l@... (toc, 2):  18.89983pt
text indent by \l@... (toc, 2):  28.97977pt
number indent by parent (toc, 2):  12.67192pt
text indent calculated (toc, 2): 22.67972pt
number indent calculated (toc, 2): 12.67192pt
number indent by \l@... (toc, 2):  18.89983pt
text indent by \l@... (toc, 2):  28.97977pt
number indent by parent (toc, 2):  12.67192pt
text indent calculated (toc, 2): 22.67972pt
number indent calculated (toc, 2): 12.67192pt
number indent by \l@... (toc, 3):  47.8796pt
text indent by \l@... (toc, 3):  40.31958pt
number indent by parent (toc, 3):  35.35164pt
text indent calculated (toc, 3): 32.68752pt
number indent calculated (toc, 3): 35.35164pt
number indent by \l@... (toc, 3):  47.8796pt
text indent by \l@... (toc, 3):  40.31958pt
number indent by parent (toc, 3):  35.35164pt
text indent calculated (toc, 3): 32.68752pt
number indent calculated (toc, 3): 35.35164pt
number indent by \l@... (toc, 1):  0.0pt
text indent by \l@... (toc, 1):  18.89983pt
number indent by parent (toc, 1):  0.0pt
text indent calculated (toc, 1): 12.67192pt
number indent calculated (toc, 1): 0.0pt
number indent by \l@... (toc, 1):  0.0pt
text indent by \l@... (toc, 1):  18.89983pt
number indent by parent (toc, 1):  0.0pt
text indent calculated (toc, 1): 12.67192pt
number indent calculated (toc, 1): 0.0pt
number indent by \l@... (toc, 1):  0.0pt
text indent by \l@... (toc, 1):  18.89983pt
number indent by parent (toc, 1):  0.0pt
text indent calculated (toc, 1): 12.67192pt
number indent calculated (toc, 1): 0.0pt
)
\tf@toc=\write7
\openout7 = `Bachelorarbeit.toc'.

 <../Bilder/footer-text-logo.png, id=159, 308.15125pt x 82.3075pt>
File: ../Bilder/footer-text-logo.png Graphic file (type png)

<use ../Bilder/footer-text-logo.png> [1 <../Bilder/footer-text-logo.png>]
(./Bachelorarbeit.lof
number indent by \l@... (lof, 1):  18.89983pt
text indent by \l@... (lof, 1):  28.97977pt
number indent by parent (lof, 1):  18.89983pt
text indent calculated (lof, 1): 19.34384pt
number indent calculated (lof, 1): 18.89983pt
number indent by \l@... (lof, 1):  18.89983pt
text indent by \l@... (lof, 1):  28.97977pt
number indent by parent (lof, 1):  18.89983pt
text indent calculated (lof, 1): 19.34384pt
number indent calculated (lof, 1): 18.89983pt
number indent by \l@... (lof, 1):  18.89983pt
text indent by \l@... (lof, 1):  28.97977pt
number indent by parent (lof, 1):  18.89983pt
text indent calculated (lof, 1): 19.34384pt
number indent calculated (lof, 1): 18.89983pt
number indent by \l@... (lof, 1):  18.89983pt
text indent by \l@... (lof, 1):  28.97977pt
number indent by parent (lof, 1):  18.89983pt
text indent calculated (lof, 1): 19.34384pt
number indent calculated (lof, 1): 18.89983pt
number indent by \l@... (lof, 1):  18.89983pt
text indent by \l@... (lof, 1):  28.97977pt
number indent by parent (lof, 1):  18.89983pt
text indent calculated (lof, 1): 19.34384pt
number indent calculated (lof, 1): 18.89983pt
number indent by \l@... (lof, 1):  18.89983pt
text indent by \l@... (lof, 1):  28.97977pt
number indent by parent (lof, 1):  18.89983pt
text indent calculated (lof, 1): 19.34384pt
number indent calculated (lof, 1): 18.89983pt
number indent by \l@... (lof, 1):  18.89983pt
text indent by \l@... (lof, 1):  28.97977pt
number indent by parent (lof, 1):  18.89983pt
text indent calculated (lof, 1): 19.34384pt
number indent calculated (lof, 1): 18.89983pt
number indent by \l@... (lof, 1):  18.89983pt
text indent by \l@... (lof, 1):  28.97977pt
number indent by parent (lof, 1):  18.89983pt
text indent calculated (lof, 1): 19.34384pt
number indent calculated (lof, 1): 18.89983pt
number indent by \l@... (lof, 1):  18.89983pt
text indent by \l@... (lof, 1):  28.97977pt
number indent by parent (lof, 1):  18.89983pt
text indent calculated (lof, 1): 19.34384pt
number indent calculated (lof, 1): 18.89983pt
number indent by \l@... (lof, 1):  18.89983pt
text indent by \l@... (lof, 1):  28.97977pt
number indent by parent (lof, 1):  18.89983pt
text indent calculated (lof, 1): 19.34384pt
number indent calculated (lof, 1): 18.89983pt
number indent by \l@... (lof, 1):  18.89983pt
text indent by \l@... (lof, 1):  28.97977pt
number indent by parent (lof, 1):  18.89983pt
text indent calculated (lof, 1): 19.34384pt
number indent calculated (lof, 1): 18.89983pt
number indent by \l@... (lof, 1):  18.89983pt
text indent by \l@... (lof, 1):  28.97977pt
number indent by parent (lof, 1):  18.89983pt
text indent calculated (lof, 1): 19.34384pt
number indent calculated (lof, 1): 18.89983pt
number indent by \l@... (lof, 1):  18.89983pt
text indent by \l@... (lof, 1):  28.97977pt
number indent by parent (lof, 1):  18.89983pt
text indent calculated (lof, 1): 19.34384pt
number indent calculated (lof, 1): 18.89983pt
number indent by \l@... (lof, 1):  18.89983pt
text indent by \l@... (lof, 1):  28.97977pt
number indent by parent (lof, 1):  18.89983pt
text indent calculated (lof, 1): 19.34384pt
number indent calculated (lof, 1): 18.89983pt
number indent by \l@... (lof, 1):  18.89983pt
text indent by \l@... (lof, 1):  28.97977pt
number indent by parent (lof, 1):  18.89983pt
text indent calculated (lof, 1): 19.34384pt
number indent calculated (lof, 1): 18.89983pt
number indent by \l@... (lof, 1):  18.89983pt
text indent by \l@... (lof, 1):  28.97977pt
number indent by parent (lof, 1):  18.89983pt
text indent calculated (lof, 1): 19.34384pt
number indent calculated (lof, 1): 18.89983pt
)
\tf@lof=\write8
\openout8 = `Bachelorarbeit.lof'.

File: ../Bilder/footer-text-logo.png Graphic file (type png)
 <use ../Bilder/footer-text-logo.png> [2] (./Bachelorarbeit.lot
number indent by \l@... (lot, 1):  18.89983pt
text indent by \l@... (lot, 1):  28.97977pt
number indent by parent (lot, 1):  18.89983pt
text indent calculated (lot, 1): 12.67192pt
number indent calculated (lot, 1): 18.89983pt
number indent by \l@... (lot, 1):  18.89983pt
text indent by \l@... (lot, 1):  28.97977pt
number indent by parent (lot, 1):  18.89983pt
text indent calculated (lot, 1): 12.67192pt
number indent calculated (lot, 1): 18.89983pt
number indent by \l@... (lot, 1):  18.89983pt
text indent by \l@... (lot, 1):  28.97977pt
number indent by parent (lot, 1):  18.89983pt
text indent calculated (lot, 1): 12.67192pt
number indent calculated (lot, 1): 18.89983pt
)
\tf@lot=\write9
\openout9 = `Bachelorarbeit.lot'.

File: ../Bilder/footer-text-logo.png Graphic file (type png)
 <use ../Bilder/footer-text-logo.png> [3]
File: ../Bilder/footer-text-logo.png Graphic file (type png)

<use ../Bilder/footer-text-logo.png>pdfTeX warning (ext4): destination with the
 same identifier (name{page.1}) has been already used, duplicate ignored
<to be read again> 
                   \relax 
l.160 \pagebreak
                 [1]
Overfull \hbox (15.06229pt too wide) in paragraph at lines 164--165
\T1/pfr/m/n/12 ba-sie-ren-de, eben-falls frei zu-gng-li-che C++-Im-ple-men-tie
-rung ([]$https : / / github . com / subokita /
 []

LaTeX Font Info:    Font shape `T1/pfr/bx/n' in size <14.4> not available
(Font)              Font shape `T1/pfr/b/n' tried instead on input line 165.
File: ../Bilder/footer-text-logo.png Graphic file (type png)
<use ../Bilder/footer-text-logo.png> [2]
<../Bilder/Bildvektoren.pdf, id=228, 158.19101pt x 187.62643pt>
File: ../Bilder/Bildvektoren.pdf Graphic file (type pdf)

<use ../Bilder/Bildvektoren.pdf>
LaTeX Font Info:    Font shape `T1/cmbr/m/it' in size <12> not available
(Font)              Font shape `T1/cmbr/m/sl' tried instead on input line 181.
LaTeX Font Info:    Font shape `T1/pfr/m/it' in size <12> not available
(Font)              Font shape `T1/pfr/m/sl' tried instead on input line 181.

Underfull \hbox (badness 1275) in paragraph at lines 181--181
\T1/pfr/m/sl/12 Links ist der Datenbank-Vektor, rechts der da-nach auf-ge-nom-m
e-ne
 []


LaTeX Warning: `!h' float specifier changed to `!ht'.


Overfull \hbox (43.09387pt too wide) in paragraph at lines 185--186
\T1/pfr/m/n/12 zung des Pro-gramms die kos-ten-los ver-fg-ba-re Bild-ver-ar-be
i-tungs-bi-blio-thek ^^Ropen-CV^^Pverwendet
 []

File: ../Bilder/footer-text-logo.png Graphic file (type png)
<use ../Bilder/footer-text-logo.png> [3]
File: ../Bilder/footer-text-logo.png Graphic file (type png)
 <use ../Bilder/footer-text-logo.png>
[4 <../Bilder/Bildvektoren.pdf>]
<../Bilder/Preprocessing_result.pdf, id=307, 642.18233pt x 226.1248pt>
File: ../Bilder/Preprocessing_result.pdf Graphic file (type pdf)

<use ../Bilder/Preprocessing_result.pdf>
File: ../Bilder/footer-text-logo.png Graphic file (type png)
 <use ../Bilder/footer-text-logo.png>
[5 <../Bilder/Preprocessing_result.pdf>]
<../Bilder/Differenzenmatrix.pdf, id=328, 238.8925pt x 238.8925pt>
File: ../Bilder/Differenzenmatrix.pdf Graphic file (type pdf)

<use ../Bilder/Differenzenmatrix.pdf>
<../Bilder/Kontrastnormalisierung.pdf, id=330, 353.09415pt x 463.33101pt>
File: ../Bilder/Kontrastnormalisierung.pdf Graphic file (type pdf)

<use ../Bilder/Kontrastnormalisierung.pdf>

LaTeX Warning: `!h' float specifier changed to `!ht'.

File: ../Bilder/footer-text-logo.png Graphic file (type png)
<use ../Bilder/footer-text-logo.png> [6 <../Bilder/Differenzenmatrix.pdf>]
<../Bilder/Differenzenmatrix_mit_Gerade.pdf, id=393, 844.15375pt x 632.3625pt>
File: ../Bilder/Differenzenmatrix_mit_Gerade.pdf Graphic file (type pdf)

<use ../Bilder/Differenzenmatrix_mit_Gerade.pdf>

LaTeX Warning: `!h' float specifier changed to `!ht'.

File: ../Bilder/footer-text-logo.png Graphic file (type png)
<use ../Bilder/footer-text-logo.png> [7 <../Bilder/Kontrastnormalisierung.pdf>]
File: ../Bilder/footer-text-logo.png Graphic file (type png)
<use ../Bilder/footer-text-logo.png> [8 <../Bilder/Differenzenmatrix_mit_Gerade
.pdf>]
Underfull \hbox (badness 7631) in paragraph at lines 309--309
[]\T1/pfr/m/n/12 Der Se-quenceS-LAM ist ex-trem
 []


Underfull \hbox (badness 10000) in paragraph at lines 309--309

 []


Underfull \hbox (badness 10000) in paragraph at lines 309--309

 []


Underfull \hbox (badness 1377) in paragraph at lines 309--309
\T1/pfr/m/n/12 nen an-hand der Bil-der er-mit-telt
 []


Underfull \hbox (badness 1917) in paragraph at lines 309--309
[]\T1/pfr/m/n/12 Das Matching-Verfahren ist auf-
 []


Underfull \hbox (badness 2351) in paragraph at lines 309--309
\T1/pfr/m/n/12 te vor-her ein-mal auf-ge-nom-men
 []


Underfull \hbox (badness 10000) in paragraph at lines 309--309

 []


Underfull \hbox (badness 10000) in paragraph at lines 309--309
[]\T1/pfr/m/n/12 Der Blick-win-kel und an-de-re
 []


Underfull \hbox (badness 10000) in paragraph at lines 309--309

 []


Underfull \hbox (badness 10000) in paragraph at lines 309--309

 []

<../Bilder/lokale_Kontrastverstaerkung.pdf, id=466, 716.6775pt x 435.6275pt>
File: ../Bilder/lokale_Kontrastverstaerkung.pdf Graphic file (type pdf)

<use ../Bilder/lokale_Kontrastverstaerkung.pdf>

LaTeX Warning: `h' float specifier changed to `ht'.

File: ../Bilder/footer-text-logo.png Graphic file (type png)
<use ../Bilder/footer-text-logo.png> [9]
File: ../Bilder/footer-text-logo.png Graphic file (type png)
 <use ../Bilder/footer-text-logo.png>
[10 <../Bilder/lokale_Kontrastverstaerkung.pdf>]
<../Bilder/Differenzenmatrix_live.pdf, id=499, 334.75415pt x 266.75511pt>
File: ../Bilder/Differenzenmatrix_live.pdf Graphic file (type pdf)

<use ../Bilder/Differenzenmatrix_live.pdf>
File: ../Bilder/footer-text-logo.png Graphic file (type png)

<use ../Bilder/footer-text-logo.png> [11]
File: ../Bilder/footer-text-logo.png Graphic file (type png)
 <use ../Bilder/footer-text-logo.png>
[12 <../Bilder/Differenzenmatrix_live.pdf>]
Overfull \hbox (5.17635pt too wide) in paragraph at lines 376--376
 []|\T1/pfr/b/n/12 Geschwindigkeits- 
 []

File: ../Bilder/footer-text-logo.png Graphic file (type png)
<use ../Bilder/footer-text-logo.png> [13]
File: ../Bilder/footer-text-logo.png Graphic file (type png)
 <use ../Bilder/footer-text-logo.png>
[14] <../Bilder/Nordland_Datensatz.pdf, id=582, 115.632pt x 65.846pt>
File: ../Bilder/Nordland_Datensatz.pdf Graphic file (type pdf)

<use ../Bilder/Nordland_Datensatz.pdf>
File: ../Bilder/footer-text-logo.png Graphic file (type png)
 <use ../Bilder/footer-text-logo.png>
[15]
File: ../Bilder/footer-text-logo.png Graphic file (type png)
 <use ../Bilder/footer-text-logo.png> [16 <../Bilder/Nordland_Datensatz.pdf>]
File: ../Bilder/footer-text-logo.png Graphic file (type png)
 <use ../Bilder/footer-text-logo.png> [17]
<../Bilder/Loop_Closure_Beispiele.pdf, id=618, 348.49117pt x 148.40523pt>
File: ../Bilder/Loop_Closure_Beispiele.pdf Graphic file (type pdf)

<use ../Bilder/Loop_Closure_Beispiele.pdf>
File: ../Bilder/footer-text-logo.png Graphic file (type png)

<use ../Bilder/footer-text-logo.png> [18 <../Bilder/Loop_Closure_Beispiele.pdf>
] <../Bilder/datenbank_zeitstrahl.pdf, id=633, 319.16742pt x 32.12pt>
File: ../Bilder/datenbank_zeitstrahl.pdf Graphic file (type pdf)

<use ../Bilder/datenbank_zeitstrahl.pdf>
<../Bilder/loop_closure_erste_methode.pdf, id=634, 319.16742pt x 32.12pt>
File: ../Bilder/loop_closure_erste_methode.pdf Graphic file (type pdf)

<use ../Bilder/loop_closure_erste_methode.pdf>
Overfull \hbox (10.15916pt too wide) in paragraph at lines 488--489
[]\T1/pfr/m/n/12 Eine wei-te-re Me-tho-de ist die Be-gren-zung des Such-be-reic
hs. Hier-bei wer-den die Matching-
 []

<../Bilder/loop_closure_zweite_methode.pdf, id=635, 319.16742pt x 45.31932pt>
File: ../Bilder/loop_closure_zweite_methode.pdf Graphic file (type pdf)

<use ../Bilder/loop_closure_zweite_methode.pdf>
File: ../Bilder/footer-text-logo.png Graphic file (type png)

<use ../Bilder/footer-text-logo.png> [19 <../Bilder/datenbank_zeitstrahl.pdf> <
../Bilder/loop_closure_erste_methode.pdf> <../Bilder/loop_closure_zweite_method
e.pdf>]
File: ../Bilder/footer-text-logo.png Graphic file (type png)
 <use ../Bilder/footer-text-logo.png> [20]
<../Bilder/Zireiner_See_Rofanspitze_2006_10.jpg, id=680, 1228.59pt x 578.16pt>
File: ../Bilder/Zireiner_See_Rofanspitze_2006_10.jpg Graphic file (type jpg)

<use ../Bilder/Zireiner_See_Rofanspitze_2006_10.jpg>
LaTeX Font Info:    Font shape `T1/pfr/m/it' in size <10.95> not available
(Font)              Font shape `T1/pfr/m/sl' tried instead on input line 522.

<../Bilder/Sky_Blackening_FirstStep.jpg, id=681, 3412.75pt x 1606.0pt>
File: ../Bilder/Sky_Blackening_FirstStep.jpg Graphic file (type jpg)

<use ../Bilder/Sky_Blackening_FirstStep.jpg> (../Bilder/F1.pgf)
(../Bilder/F2.pgf)

LaTeX Warning: `!h' float specifier changed to `!ht'.

File: ../Bilder/footer-text-logo.png Graphic file (type png)
<use ../Bilder/footer-text-logo.png> [21]

LaTeX Warning: Text page 22 contains only floats.

File: ../Bilder/footer-text-logo.png Graphic file (type png)
<use ../Bilder/footer-text-logo.png> [22 <../Bilder/Zireiner_See_Rofanspitze_20
06_10.jpg> <../Bilder/Sky_Blackening_FirstStep.jpg>]
File: ../Bilder/footer-text-logo.png Graphic file (type png)

<use ../Bilder/footer-text-logo.png> [23]
File: ../Bilder/Zireiner_See_Rofanspitze_2006_10.jpg Graphic file (type jpg)

<use ../Bilder/Zireiner_See_Rofanspitze_2006_10.jpg>
File: ../Bilder/Sky_Blackening_FirstStep.jpg Graphic file (type jpg)

<use ../Bilder/Sky_Blackening_FirstStep.jpg>
<../Bilder/Sky_Blackening_SecondStep.jpg, id=713, 3412.75pt x 1606.0pt>
File: ../Bilder/Sky_Blackening_SecondStep.jpg Graphic file (type jpg)

<use ../Bilder/Sky_Blackening_SecondStep.jpg>
<../Bilder/Sky_Blackening_ThirdStep.jpg, id=714, 3412.75pt x 1606.0pt>
File: ../Bilder/Sky_Blackening_ThirdStep.jpg Graphic file (type jpg)

<use ../Bilder/Sky_Blackening_ThirdStep.jpg>
File: ../Bilder/footer-text-logo.png Graphic file (type png)

<use ../Bilder/footer-text-logo.png> [24 <../Bilder/Sky_Blackening_SecondStep.j
pg> <../Bilder/Sky_Blackening_ThirdStep.jpg>]
Overfull \hbox (3.75697pt too wide) in paragraph at lines 624--625
[]\T1/pfr/m/n/12 Anpassung an die Live-Anwendung durch dy-na-mi-sche Matrix-Erz
eugung --> Nach-
 []

File: ../Bilder/footer-text-logo.png Graphic file (type png)
<use ../Bilder/footer-text-logo.png> [25]
File: ../Bilder/footer-text-logo.png Graphic file (type png)
 <use ../Bilder/footer-text-logo.png>
[26] <../Bilder/blickwinkel_aenderung.pdf, id=730, 174.65414pt x 335.12029pt>
File: ../Bilder/blickwinkel_aenderung.pdf Graphic file (type pdf)

<use ../Bilder/blickwinkel_aenderung.pdf>
File: ../Bilder/footer-text-logo.png Graphic file (type png)
 <use ../Bilder/footer-text-logo.png>
[27 <../Bilder/blickwinkel_aenderung.pdf>]
File: ../Bilder/footer-text-logo.png Graphic file (type png)

<use ../Bilder/footer-text-logo.png> [28]
File: ../Bilder/footer-text-logo.png Graphic file (type png)
 <use ../Bilder/footer-text-logo.png>
[29]
File: ../Bilder/footer-text-logo.png Graphic file (type png)
 <use ../Bilder/footer-text-logo.png> [30]
File: ../Bilder/footer-text-logo.png Graphic file (type png)

<use ../Bilder/footer-text-logo.png> [31]
File: ../Bilder/footer-text-logo.png Graphic file (type png)
 <use ../Bilder/footer-text-logo.png>
[32]
File: ../Bilder/footer-text-logo.png Graphic file (type png)
 <use ../Bilder/footer-text-logo.png> [33]
File: ../Bilder/footer-text-logo.png Graphic file (type png)

<use ../Bilder/footer-text-logo.png> [34] (./Bachelorarbeit.bbl)
Package atveryend Info: Empty hook `BeforeClearDocument' on input line 725.
File: ../Bilder/footer-text-logo.png Graphic file (type png)

<use ../Bilder/footer-text-logo.png> [35]
Package atveryend Info: Empty hook `AfterLastShipout' on input line 725.
 (./Bachelorarbeit.aux)
Package atveryend Info: Executing hook `AtVeryEndDocument' on input line 725.


Package rerunfilecheck Warning: File `Bachelorarbeit.out' has changed.
(rerunfilecheck)                Rerun to get outlines right
(rerunfilecheck)                or use package `bookmark'.

Package rerunfilecheck Info: Checksums for `Bachelorarbeit.out':
(rerunfilecheck)             Before: DB2BC3370403CB987ACB6EC9371980EA;2255
(rerunfilecheck)             After:  C092798A78E555C8634CDA02D93B0DF6;2257.

LaTeX Font Warning: Some font shapes were not available, defaults substituted.

 ) 
Here is how much of TeX's memory you used:
 22079 strings out of 493747
 436819 string characters out of 3148626
 584436 words of memory out of 3500000
 24709 multiletter control sequences out of 15000+200000
 30012 words of font info for 71 fonts, out of 3000000 for 9000
 714 hyphenation exceptions out of 8191
 50i,16n,74p,1098b,609s stack positions out of 5000i,500n,10000p,200000b,50000s
{/usr/share/texmf/fonts/enc/dvips/base/8r.enc}{/usr/share/texmf/fonts/enc/dvi
ps/cm-super/cm-super-t1.enc}</usr/share/texmf/fonts/type1/public/amsfonts/cm/cm
ex10.pfb></usr/share/texmf/fonts/type1/public/amsfonts/cm/cmsy10.pfb></usr/shar
e/texmf/fonts/type1/public/hfbright/hfbr10.pfb></usr/share/texmf/fonts/type1/pu
blic/hfbright/hfbr8.pfb></usr/share/texmf/fonts/type1/public/hfbright/hfbrmi10.
pfb></usr/share/texmf/fonts/type1/public/hfbright/hfbrmi8.pfb></usr/share/texmf
/fonts/type1/public/hfbright/hfbrsy10.pfb></usr/share/texmf/fonts/type1/public/
hfbright/hfbrsy8.pfb></usr/share/texmf/fonts/type1/adobe/frutiger/pfrb8a.pfb></
usr/share/texmf/fonts/type1/adobe/frutiger/pfrl8a.pfb></usr/share/texmf/fonts/t
ype1/adobe/frutiger/pfrli8a.pfb></usr/share/texmf/fonts/type1/public/cm-super/s
fbbx10.pfb></usr/share/texmf/fonts/type1/public/cm-super/sfbmr10.pfb></usr/shar
e/texmf/fonts/type1/urw/zapfding/uzdr.pfb>
Output written on Bachelorarbeit.pdf (39 pages, 7503787 bytes).
PDF statistics:
 861 PDF objects out of 1000 (max. 8388607)
 628 compressed objects within 7 object streams
 114 named destinations out of 1000 (max. 500000)
 335 words of extra memory for PDF output out of 10000 (max. 10000000)

